<?xml version="1.0" encoding="UTF-8"?>
<testng-results ignored="0" total="1" passed="1" failed="0" skipped="0">
  <reporter-output>
  </reporter-output>
  <suite started-at="2021-07-27T23:14:37 IST" name="Default suite" finished-at="2021-07-27T23:14:48 IST" duration-ms="10798">
    <groups>
      <group name="cucumber">
        <method signature="AbstractTestNGCucumberTests.runScenario(io.cucumber.testng.PickleWrapper,io.cucumber.testng.FeatureWrapper)[pri:0, instance:runner.Run@36916eb0]" name="runScenario" class="io.cucumber.testng.AbstractTestNGCucumberTests"/>
      </group> <!-- cucumber -->
    </groups>
    <test started-at="2021-07-27T23:14:37 IST" name="Default test" finished-at="2021-07-27T23:14:48 IST" duration-ms="10798">
      <class name="runner.Run">
        <test-method is-config="true" signature="setUpClass()[pri:0, instance:runner.Run@36916eb0]" started-at="2021-07-27T23:14:37 IST" name="setUpClass" finished-at="2021-07-27T23:14:38 IST" duration-ms="530" status="PASS">
          <reporter-output>
          </reporter-output>
        </test-method> <!-- setUpClass -->
        <test-method signature="runScenario(io.cucumber.testng.PickleWrapper,io.cucumber.testng.FeatureWrapper)[pri:0, instance:runner.Run@36916eb0]" started-at="2021-07-27T23:14:38 IST" name="runScenario" description="Runs Cucumber Scenarios" data-provider="scenarios" finished-at="2021-07-27T23:14:48 IST" duration-ms="10156" status="PASS">
          <params>
            <param index="0">
              <value>
                <![CDATA["To Test Login page of the amazon application / to test valid details of the login page"]]>
              </value>
            </param>
            <param index="1">
              <value>
                <![CDATA["Optional[To test amazon application / to test the login page of the amazon application]"]]>
              </value>
            </param>
          </params>
          <reporter-output>
          </reporter-output>
        </test-method> <!-- runScenario -->
        <test-method is-config="true" signature="tearDownClass()[pri:0, instance:runner.Run@36916eb0]" started-at="2021-07-27T23:14:48 IST" name="tearDownClass" finished-at="2021-07-27T23:14:48 IST" duration-ms="11" status="PASS">
          <reporter-output>
          </reporter-output>
        </test-method> <!-- tearDownClass -->
      </class> <!-- runner.Run -->
    </test> <!-- Default test -->
  </suite> <!-- Default suite -->
</testng-results>
